This is pdfTeX, Version 3.14159265-2.6-1.40.20 (TeX Live 2019/Debian) (preloaded format=pdflatex 2020.6.17)  15 JUL 2020 22:51
entering extended mode
 restricted \write18 enabled.
 %&-line parsing enabled.
**indice.tex
(./indice.tex
LaTeX2e <2020-02-02> patch level 2
L3 programming layer <2020-02-14>
(/usr/share/texlive/texmf-dist/tex/latex/extsizes/extreport.cls
Document Class: extreport 1996/10/08 v1.0 Non Standard LaTeX document class
(/usr/share/texlive/texmf-dist/tex/latex/extsizes/size14.clo
File: size14.clo 1999/11/11 v1.4a NON-Standard LaTeX file (size option)
)
(/usr/share/texlive/texmf-dist/tex/latex/base/exscale.sty
Package: exscale 2018/09/24 v2.1i Standard LaTeX package exscale
LaTeX Font Info:    Redeclaring symbol font `largesymbols' on input line 57.
LaTeX Font Info:    Overwriting symbol font `largesymbols' in version `normal'
(Font)                  OMX/cmex/m/n --> OMX/cmex/m/n on input line 57.
LaTeX Font Info:    Overwriting symbol font `largesymbols' in version `bold'
(Font)                  OMX/cmex/m/n --> OMX/cmex/m/n on input line 57.
\big@size=\dimen134
)
\c@part=\count167
\c@chapter=\count168
\c@section=\count169
\c@subsection=\count170
\c@subsubsection=\count171
\c@paragraph=\count172
\c@subparagraph=\count173
\c@figure=\count174
\c@table=\count175
\abovecaptionskip=\skip47
\belowcaptionskip=\skip48
\bibindent=\dimen135
)
(/usr/share/texlive/texmf-dist/tex/latex/base/inputenc.sty
Package: inputenc 2018/08/11 v1.3c Input encoding file
\inpenc@prehook=\toks14
\inpenc@posthook=\toks15
)
(/usr/share/texlive/texmf-dist/tex/generic/babel/babel.sty
Package: babel 2020/02/14 3.40 The Babel package

(/usr/share/texlive/texmf-dist/tex/generic/babel/switch.def
File: switch.def 2020/02/14 3.40 Babel switching mechanism
)
(/usr/share/texlive/texmf-dist/tex/generic/babel-italian/italian.ldf
Language: italian 2019/11/16 v.1.4.03 Italian support for the babel system

(/usr/share/texlive/texmf-dist/tex/generic/babel/babel.def
File: babel.def 2020/02/14 3.40 Babel common definitions
\babel@savecnt=\count176
\U@D=\dimen136

(/usr/share/texlive/texmf-dist/tex/generic/babel/txtbabel.def)
\bbl@readstream=\read2
\bbl@dirlevel=\count177
)
\it@lettering=\count178
\it@doublequoteactive=\count179
\it@ISOcompliance=\count180
)
(/usr/share/texlive/texmf-dist/tex/generic/babel-english/english.ldf
Language: english 2017/06/06 v3.3r English support from the babel system
Package babel Info: \l@british = using hyphenrules for english
(babel)             (\language0) on input line 82.
Package babel Info: \l@UKenglish = using hyphenrules for english
(babel)             (\language0) on input line 83.
Package babel Info: \l@canadian = using hyphenrules for english
(babel)             (\language0) on input line 102.
Package babel Info: \l@australian = using hyphenrules for english
(babel)             (\language0) on input line 105.
Package babel Info: \l@newzealand = using hyphenrules for english
(babel)             (\language0) on input line 108.
))
(/usr/share/texlive/texmf-dist/tex/latex/etoolbox/etoolbox.sty
Package: etoolbox 2019/09/21 v2.5h e-TeX tools for LaTeX (JAW)
\etb@tempcnta=\count181
)
(/usr/share/texlive/texmf-dist/tex/latex/graphics/graphicx.sty
Package: graphicx 2019/11/30 v1.2a Enhanced LaTeX Graphics (DPC,SPQR)

(/usr/share/texlive/texmf-dist/tex/latex/graphics/keyval.sty
Package: keyval 2014/10/28 v1.15 key=value parser (DPC)
\KV@toks@=\toks16
)
(/usr/share/texlive/texmf-dist/tex/latex/graphics/graphics.sty
Package: graphics 2019/11/30 v1.4a Standard LaTeX Graphics (DPC,SPQR)

(/usr/share/texlive/texmf-dist/tex/latex/graphics/trig.sty
Package: trig 2016/01/03 v1.10 sin cos tan (DPC)
)
(/usr/share/texlive/texmf-dist/tex/latex/graphics-cfg/graphics.cfg
File: graphics.cfg 2016/06/04 v1.11 sample graphics configuration
)
Package graphics Info: Driver file: pdftex.def on input line 105.

(/usr/share/texlive/texmf-dist/tex/latex/graphics-def/pdftex.def
File: pdftex.def 2018/01/08 v1.0l Graphics/color driver for pdftex
))
\Gin@req@height=\dimen137
\Gin@req@width=\dimen138
)
(/usr/share/texlive/texmf-dist/tex/latex/cite/cite.sty
LaTeX Info: Redefining \cite on input line 302.
LaTeX Info: Redefining \nocite on input line 332.
Package: cite 2015/02/27  v 5.5
)
(/usr/share/texlive/texmf-dist/tex/latex/amsmath/amsmath.sty
Package: amsmath 2020/01/20 v2.17e AMS math features
\@mathmargin=\skip49

For additional information on amsmath, use the `?' option.
(/usr/share/texlive/texmf-dist/tex/latex/amsmath/amstext.sty
Package: amstext 2000/06/29 v2.01 AMS text

(/usr/share/texlive/texmf-dist/tex/latex/amsmath/amsgen.sty
File: amsgen.sty 1999/11/30 v2.0 generic functions
\@emptytoks=\toks17
\ex@=\dimen139
))
(/usr/share/texlive/texmf-dist/tex/latex/amsmath/amsbsy.sty
Package: amsbsy 1999/11/29 v1.2d Bold Symbols
\pmbraise@=\dimen140
)
(/usr/share/texlive/texmf-dist/tex/latex/amsmath/amsopn.sty
Package: amsopn 2016/03/08 v2.02 operator names
)
\inf@bad=\count182
LaTeX Info: Redefining \frac on input line 227.
\uproot@=\count183
\leftroot@=\count184
LaTeX Info: Redefining \overline on input line 389.
\classnum@=\count185
\DOTSCASE@=\count186
LaTeX Info: Redefining \ldots on input line 486.
LaTeX Info: Redefining \dots on input line 489.
LaTeX Info: Redefining \cdots on input line 610.
\Mathstrutbox@=\box45
\strutbox@=\box46
\big@size=\dimen141
LaTeX Font Info:    Redeclaring font encoding OML on input line 733.
LaTeX Font Info:    Redeclaring font encoding OMS on input line 734.
\macc@depth=\count187
\c@MaxMatrixCols=\count188
\dotsspace@=\muskip16
\c@parentequation=\count189
\dspbrk@lvl=\count190
\tag@help=\toks18
\row@=\count191
\column@=\count192
\maxfields@=\count193
\andhelp@=\toks19
\eqnshift@=\dimen142
\alignsep@=\dimen143
\tagshift@=\dimen144
\tagwidth@=\dimen145
\totwidth@=\dimen146
\lineht@=\dimen147
\@envbody=\toks20
\multlinegap=\skip50
\multlinetaggap=\skip51
\mathdisplay@stack=\toks21
LaTeX Info: Redefining \[ on input line 2859.
LaTeX Info: Redefining \] on input line 2860.
)
(/usr/share/texlive/texmf-dist/tex/latex/xcolor/xcolor.sty
Package: xcolor 2016/05/11 v2.12 LaTeX color extensions (UK)

(/usr/share/texlive/texmf-dist/tex/latex/graphics-cfg/color.cfg
File: color.cfg 2016/01/02 v1.6 sample color configuration
)
Package xcolor Info: Driver file: pdftex.def on input line 225.

(/usr/share/texlive/texmf-dist/tex/latex/colortbl/colortbl.sty
Package: colortbl 2020/01/04 v1.0e Color table columns (DPC)

(/usr/share/texlive/texmf-dist/tex/latex/tools/array.sty
Package: array 2019/08/31 v2.4l Tabular extension package (FMi)
\col@sep=\dimen148
\ar@mcellbox=\box47
\extrarowheight=\dimen149
\NC@list=\toks22
\extratabsurround=\skip52
\backup@length=\skip53
\ar@cellbox=\box48
)
\everycr=\toks23
\minrowclearance=\skip54
)
\rownum=\count194
Package xcolor Info: Model `cmy' substituted by `cmy0' on input line 1348.
Package xcolor Info: Model `hsb' substituted by `rgb' on input line 1352.
Package xcolor Info: Model `RGB' extended on input line 1364.
Package xcolor Info: Model `HTML' substituted by `rgb' on input line 1366.
Package xcolor Info: Model `Hsb' substituted by `hsb' on input line 1367.
Package xcolor Info: Model `tHsb' substituted by `hsb' on input line 1368.
Package xcolor Info: Model `HSB' substituted by `hsb' on input line 1369.
Package xcolor Info: Model `Gray' substituted by `gray' on input line 1370.
Package xcolor Info: Model `wave' substituted by `hsb' on input line 1371.
)
(/usr/share/texlive/texmf-dist/tex/latex/minitoc/minitoc.sty
Package: minitoc 2018/07/12 v62 Package minitoc

(/usr/share/texlive/texmf-dist/tex/latex/minitoc/mtcmess.sty
Package: mtcmess 2006/03/14
)
Package minitoc Info: I0001
(minitoc)             *** minitoc package, version 62 ***.
\tf@mtc=\write3
\mtcindent=\skip55
\mtcskipamount=\skip56
Package minitoc Info: I0005
(minitoc)             compatible with hyperref.
Package minitoc Info: I0023
(minitoc)             part level macros available.
Package minitoc Info: I0003
(minitoc)             chapter level macros available.
\mtc@toks=\toks24
\mtc@strutbox=\box49
\mtc@hstrutbox=\box50
Package minitoc Info: I0002
(minitoc)             Autoconfiguration of extensions.
\openout3 = `indice.mtc0'.

\openout3 = `indice.mtc'.

 (./indice.mtc0)
Package minitoc Info: I0012
(minitoc)             Long extensions (Unix-like) will be used.
Package minitoc Info: I0031
(minitoc)             ==> this version is configured for UNIX-like 
(minitoc)                 (long extensions) file names.
\openout3 = `indice.mtc'.

\openout3 = `indice.mtc0'.

\c@mtc=\count195
\c@minitocdepth=\count196
\c@ptc=\count197
\c@parttocdepth=\count198
\ptcindent=\skip57
Package minitoc Info: I0010
(minitoc)             The english language is selected.
(minitoc)              on input line 4910.

(/usr/share/texlive/texmf-dist/tex/latex/minitoc/english.mld
File: english.mld 2006/01/13
)
(/usr/share/texlive/texmf-dist/tex/latex/minitoc/english.mld
File: english.mld 2006/01/13
)
Package minitoc Info: I0010
(minitoc)             The italian language is selected.
(minitoc)              on input line 4911.

(/usr/share/texlive/texmf-dist/tex/latex/minitoc/italian.mld
File: italian.mld 2006/01/13
))
(/usr/share/texlive/texmf-dist/tex/latex/fancybox/fancybox.sty
Package: fancybox 2010/05/15 1.4

Style option: `fancybox' v1.4 <2010/05/15> (tvz)
\@fancybox=\box51
\shadowsize=\dimen150
\@Sbox=\box52
\do@VerbBox=\toks25
\the@fancyput=\toks26
\this@fancyput=\toks27
\EndVerbatimTokens=\toks28
\Verbatim@Outfile=\write4
\Verbatim@Infile=\read3
) (/usr/share/texlive/texmf-dist/tex/latex/tools/verbatim.sty
Package: verbatim 2019/11/10 v1.5r LaTeX2e package for verbatim enhancements
\every@verbatim=\toks29
\verbatim@line=\toks30
\verbatim@in@stream=\read4
)
(/usr/share/texlive/texmf-dist/tex/latex/xurl/xurl.sty
Package: xurl 2020/01/24 v 0.09 modify URL breaks

(/usr/share/texlive/texmf-dist/tex/latex/url/url.sty
\Urlmuskip=\muskip17
Package: url 2013/09/16  ver 3.4  Verb mode for urls, etc.
))
(/usr/share/texlive/texmf-dist/tex/latex/listings/listings.sty
\lst@mode=\count199
\lst@gtempboxa=\box53
\lst@token=\toks31
\lst@length=\count266
\lst@currlwidth=\dimen151
\lst@column=\count267
\lst@pos=\count268
\lst@lostspace=\dimen152
\lst@width=\dimen153
\lst@newlines=\count269
\lst@lineno=\count270
\lst@maxwidth=\dimen154

(/usr/share/texlive/texmf-dist/tex/latex/listings/lstmisc.sty
File: lstmisc.sty 2019/09/10 1.8c (Carsten Heinz)
\c@lstnumber=\count271
\lst@skipnumbers=\count272
\lst@framebox=\box54
)
(/usr/share/texlive/texmf-dist/tex/latex/listings/listings.cfg
File: listings.cfg 2019/09/10 1.8c listings configuration
))
Package: listings 2019/09/10 1.8c (Carsten Heinz)

(/usr/share/texlive/texmf-dist/tex/latex/base/makeidx.sty
Package: makeidx 2014/09/29 v1.0m Standard LaTeX package
)
(/usr/share/texlive/texmf-dist/tex/latex/comment/comment.sty
\CommentStream=\write5

Excluding comment 'comment')
(/usr/share/texlive/texmf-dist/tex/latex/hyperref/hyperref.sty
Package: hyperref 2020/01/14 v7.00d Hypertext links for LaTeX

(/usr/share/texlive/texmf-dist/tex/generic/ltxcmds/ltxcmds.sty
Package: ltxcmds 2019/12/15 v1.24 LaTeX kernel commands for general use (HO)
)
(/usr/share/texlive/texmf-dist/tex/generic/iftex/iftex.sty
Package: iftex 2019/11/07 v1.0c TeX engine tests
)
(/usr/share/texlive/texmf-dist/tex/latex/pdftexcmds/pdftexcmds.sty
Package: pdftexcmds 2019/11/24 v0.31 Utility functions of pdfTeX for LuaTeX (HO
)

(/usr/share/texlive/texmf-dist/tex/generic/infwarerr/infwarerr.sty
Package: infwarerr 2019/12/03 v1.5 Providing info/warning/error messages (HO)
)
Package pdftexcmds Info: \pdf@primitive is available.
Package pdftexcmds Info: \pdf@ifprimitive is available.
Package pdftexcmds Info: \pdfdraftmode found.
)
(/usr/share/texlive/texmf-dist/tex/generic/kvsetkeys/kvsetkeys.sty
Package: kvsetkeys 2019/12/15 v1.18 Key value parser (HO)
)
(/usr/share/texlive/texmf-dist/tex/generic/kvdefinekeys/kvdefinekeys.sty
Package: kvdefinekeys 2019-12-19 v1.6 Define keys (HO)
)
(/usr/share/texlive/texmf-dist/tex/generic/pdfescape/pdfescape.sty
Package: pdfescape 2019/12/09 v1.15 Implements pdfTeX's escape features (HO)
)
(/usr/share/texlive/texmf-dist/tex/latex/hycolor/hycolor.sty
Package: hycolor 2020-01-27 v1.10 Color options for hyperref/bookmark (HO)
)
(/usr/share/texlive/texmf-dist/tex/latex/letltxmacro/letltxmacro.sty
Package: letltxmacro 2019/12/03 v1.6 Let assignment for LaTeX macros (HO)
)
(/usr/share/texlive/texmf-dist/tex/latex/auxhook/auxhook.sty
Package: auxhook 2019-12-17 v1.6 Hooks for auxiliary files (HO)
)
(/usr/share/texlive/texmf-dist/tex/latex/kvoptions/kvoptions.sty
Package: kvoptions 2019/11/29 v3.13 Key value format for package options (HO)
)
\@linkdim=\dimen155
\Hy@linkcounter=\count273
\Hy@pagecounter=\count274

(/usr/share/texlive/texmf-dist/tex/latex/hyperref/pd1enc.def
File: pd1enc.def 2020/01/14 v7.00d Hyperref: PDFDocEncoding definition (HO)
Now handling font encoding PD1 ...
... no UTF-8 mapping file for font encoding PD1
)
(/usr/share/texlive/texmf-dist/tex/generic/intcalc/intcalc.sty
Package: intcalc 2019/12/15 v1.3 Expandable calculations with integers (HO)
)
(/usr/share/texlive/texmf-dist/tex/generic/etexcmds/etexcmds.sty
Package: etexcmds 2019/12/15 v1.7 Avoid name clashes with e-TeX commands (HO)
)
\Hy@SavedSpaceFactor=\count275
\pdfmajorversion=\count276
Package hyperref Info: Hyper figures OFF on input line 4547.
Package hyperref Info: Link nesting OFF on input line 4552.
Package hyperref Info: Hyper index ON on input line 4555.
Package hyperref Info: Plain pages OFF on input line 4562.
Package hyperref Info: Backreferencing OFF on input line 4567.
Package hyperref Info: Implicit mode ON; LaTeX internals redefined.
Package hyperref Info: Bookmarks ON on input line 4800.
\c@Hy@tempcnt=\count277
LaTeX Info: Redefining \url on input line 5159.
\XeTeXLinkMargin=\dimen156

(/usr/share/texlive/texmf-dist/tex/generic/bitset/bitset.sty
Package: bitset 2019/12/09 v1.3 Handle bit-vector datatype (HO)

(/usr/share/texlive/texmf-dist/tex/generic/bigintcalc/bigintcalc.sty
Package: bigintcalc 2019/12/15 v1.5 Expandable calculations on big integers (HO
)
))
\Fld@menulength=\count278
\Field@Width=\dimen157
\Fld@charsize=\dimen158
Package hyperref Info: Hyper figures OFF on input line 6430.
Package hyperref Info: Link nesting OFF on input line 6435.
Package hyperref Info: Hyper index ON on input line 6438.
Package hyperref Info: backreferencing OFF on input line 6445.
Package hyperref Info: Link coloring OFF on input line 6450.
Package hyperref Info: Link coloring with OCG OFF on input line 6455.
Package hyperref Info: PDF/A mode OFF on input line 6460.
LaTeX Info: Redefining \ref on input line 6500.
LaTeX Info: Redefining \pageref on input line 6504.

(/usr/share/texlive/texmf-dist/tex/generic/atbegshi/atbegshi.sty
Package: atbegshi 2019/12/05 v1.19 At begin shipout hook (HO)
)
\Hy@abspage=\count279
\c@Item=\count280
\c@Hfootnote=\count281
)
Package hyperref Info: Driver (autodetected): hpdftex.

(/usr/share/texlive/texmf-dist/tex/latex/hyperref/hpdftex.def
File: hpdftex.def 2020/01/14 v7.00d Hyperref driver for pdfTeX

(/usr/share/texlive/texmf-dist/tex/latex/atveryend/atveryend.sty
Package: atveryend 2019-12-11 v1.11 Hooks at the very end of document (HO)
)
\Fld@listcount=\count282
\c@bookmark@seq@number=\count283

(/usr/share/texlive/texmf-dist/tex/latex/rerunfilecheck/rerunfilecheck.sty
Package: rerunfilecheck 2019/12/05 v1.9 Rerun checks for auxiliary files (HO)

(/usr/share/texlive/texmf-dist/tex/generic/uniquecounter/uniquecounter.sty
Package: uniquecounter 2019/12/15 v1.4 Provide unlimited unique counter (HO)
)
Package uniquecounter Info: New unique counter `rerunfilecheck' on input line 2
86.
)
\Hy@SectionHShift=\skip58
)
(/usr/share/texlive/texmf-dist/tex/latex/tools/enumerate.sty
Package: enumerate 2015/07/23 v3.00 enumerate extensions (DPC)
\@enLab=\toks32
)
(/usr/share/texlive/texmf-dist/tex/latex/enumitem/enumitem.sty
Package: enumitem 2019/06/20 v3.9 Customized lists
\labelindent=\skip59
\enit@outerparindent=\dimen159
\enit@toks=\toks33
\enit@inbox=\box55
\enit@count@id=\count284
\enitdp@description=\count285
)
(/usr/share/texlive/texmf-dist/tex/latex/tools/longtable.sty
Package: longtable 2020/01/07 v4.13 Multi-page Table package (DPC)
\LTleft=\skip60
\LTright=\skip61
\LTpre=\skip62
\LTpost=\skip63
\LTchunksize=\count286
\LTcapwidth=\dimen160
\LT@head=\box56
\LT@firsthead=\box57
\LT@foot=\box58
\LT@lastfoot=\box59
\LT@cols=\count287
\LT@rows=\count288
\c@LT@tables=\count289
\c@LT@chunks=\count290
\LT@p@ftn=\toks34
)
(/usr/share/texlive/texmf-dist/tex/latex/emptypage/emptypage.sty
Package: emptypage 2010/05/30 v1.2 Suppress page numbers and headings on empty 
pages
)
(/usr/share/texlive/texmf-dist/tex/latex/lastpage/lastpage.sty
Package: lastpage 2015/03/29 v1.2m Refers to last page's name (HMM; JPG)
)
(/usr/share/texlive/texmf-dist/tex/latex/fancyhdr/fancyhdr.sty
Package: fancyhdr 2019/01/31 v3.10 Extensive control of page headers and footer
s
\f@nch@headwidth=\skip64
\f@nch@O@elh=\skip65
\f@nch@O@erh=\skip66
\f@nch@O@olh=\skip67
\f@nch@O@orh=\skip68
\f@nch@O@elf=\skip69
\f@nch@O@erf=\skip70
\f@nch@O@olf=\skip71
\f@nch@O@orf=\skip72
)
(/usr/share/texlive/texmf-dist/tex/latex/geometry/geometry.sty
Package: geometry 2020/01/02 v5.9 Page Geometry

(/usr/share/texlive/texmf-dist/tex/generic/iftex/ifvtex.sty
Package: ifvtex 2019/10/25 v1.7 ifvtex legacy package. Use iftex instead.
)
\Gm@cnth=\count291
\Gm@cntv=\count292
\c@Gm@tempcnt=\count293
\Gm@bindingoffset=\dimen161
\Gm@wd@mp=\dimen162
\Gm@odd@mp=\dimen163
\Gm@even@mp=\dimen164
\Gm@layoutwidth=\dimen165
\Gm@layoutheight=\dimen166
\Gm@layouthoffset=\dimen167
\Gm@layoutvoffset=\dimen168
\Gm@dimlist=\toks35
)
(/usr/share/texlive/texmf-dist/tex/latex/microtype/microtype.sty
Package: microtype 2019/11/18 v2.7d Micro-typographical refinements (RS)
\MT@toks=\toks36
\MT@count=\count294
LaTeX Info: Redefining \textls on input line 790.
\MT@outer@kern=\dimen169
LaTeX Info: Redefining \textmicrotypecontext on input line 1354.
\MT@listname@count=\count295

(/usr/share/texlive/texmf-dist/tex/latex/microtype/microtype-pdftex.def
File: microtype-pdftex.def 2019/11/18 v2.7d Definitions specific to pdftex (RS)

LaTeX Info: Redefining \lsstyle on input line 914.
LaTeX Info: Redefining \lslig on input line 914.
\MT@outer@space=\skip73
)
Package microtype Info: Loading configuration file microtype.cfg.

(/usr/share/texlive/texmf-dist/tex/latex/microtype/microtype.cfg
File: microtype.cfg 2019/11/18 v2.7d microtype main configuration file (RS)
))
(/usr/share/texlive/texmf-dist/tex/latex/base/fixltx2e.sty
Package: fixltx2e 2016/12/29 v2.1a fixes to LaTeX (obsolete)
Applying: [2015/01/01] Old fixltx2e package on input line 46.


Package fixltx2e Warning: fixltx2e is not required with releases after 2015
(fixltx2e)                All fixes are now in the LaTeX kernel.
(fixltx2e)                See the latexrelease package for details.

Already applied: [0000/00/00] Old fixltx2e package on input line 53.
) (/usr/share/texlive/texmf-dist/tex/latex/tools/indentfirst.sty
Package: indentfirst 1995/11/23 v1.03 Indent first paragraph (DPC)
)
(/usr/share/texlive/texmf-dist/tex/latex/graphics/lscape.sty
Package: lscape 2000/10/22 v3.01 Landscape Pages (DPC)
)
(/usr/share/texlive/texmf-dist/tex/latex/setspace/setspace.sty
Package: setspace 2011/12/19 v6.7a set line spacing
)
(/usr/share/texlive/texmf-dist/tex/latex/listings/lstlang1.sty
File: lstlang1.sty 2019/09/10 1.8c listings language file
)
(/usr/share/texlive/texmf-dist/tex/latex/listings/lstlang1.sty
File: lstlang1.sty 2019/09/10 1.8c listings language file
)
Package hyperref Info: Option `colorlinks' set `true' on input line 59.

(/usr/share/texlive/texmf-dist/tex/latex/listings/lstlang1.sty
File: lstlang1.sty 2019/09/10 1.8c listings language file
)
(/usr/share/texlive/texmf-dist/tex/latex/titlesec/titlesec.sty
Package: titlesec 2019/10/16 v2.13 Sectioning titles
\ttl@box=\box60
\beforetitleunit=\skip74
\aftertitleunit=\skip75
\ttl@plus=\dimen170
\ttl@minus=\dimen171
\ttl@toksa=\toks37
\titlewidth=\dimen172
\titlewidthlast=\dimen173
\titlewidthfirst=\dimen174
)
(/usr/share/texlive/texmf-dist/tex/latex/l3backend/l3backend-pdfmode.def
File: l3backend-pdfmode.def 2020-02-03 L3 backend support: PDF mode
\l__kernel_color_stack_int=\count296
\l__pdf_internal_box=\box61
)
(./indice.aux)
\openout1 = `indice.aux'.

LaTeX Font Info:    Checking defaults for OML/cmm/m/it on input line 86.
LaTeX Font Info:    ... okay on input line 86.
LaTeX Font Info:    Checking defaults for OMS/cmsy/m/n on input line 86.
LaTeX Font Info:    ... okay on input line 86.
LaTeX Font Info:    Checking defaults for OT1/cmr/m/n on input line 86.
LaTeX Font Info:    ... okay on input line 86.
LaTeX Font Info:    Checking defaults for T1/cmr/m/n on input line 86.
LaTeX Font Info:    ... okay on input line 86.
LaTeX Font Info:    Checking defaults for TS1/cmr/m/n on input line 86.
LaTeX Font Info:    ... okay on input line 86.
LaTeX Font Info:    Checking defaults for OMX/cmex/m/n on input line 86.
LaTeX Font Info:    ... okay on input line 86.
LaTeX Font Info:    Checking defaults for U/cmr/m/n on input line 86.
LaTeX Font Info:    ... okay on input line 86.
LaTeX Font Info:    Checking defaults for PD1/pdf/m/n on input line 86.
LaTeX Font Info:    ... okay on input line 86.
LaTeX Info: Redefining \it@ocap on input line 86.
LaTeX Info: Redefining \it@ccap on input line 86.


File italian.ldf warning: 
italian.ldf    With OT1 encoding guillemets are poorly faked
italian.ldf    Use T1 encoding
italian.ldf    or specify a font with command \CaporaliFrom
italian.ldf    See the documentation concerning the babel-italian typesetting 
italian.ldf    on input line 86.

(/usr/share/texlive/texmf-dist/tex/context/base/mkii/supp-pdf.mkii
[Loading MPS to PDF converter (version 2006.09.02).]
\scratchcounter=\count297
\scratchdimen=\dimen175
\scratchbox=\box62
\nofMPsegments=\count298
\nofMParguments=\count299
\everyMPshowfont=\toks38
\MPscratchCnt=\count300
\MPscratchDim=\dimen176
\MPnumerator=\count301
\makeMPintoPDFobject=\count302
\everyMPtoPDFconversion=\toks39
) (/usr/share/texlive/texmf-dist/tex/latex/epstopdf-pkg/epstopdf-base.sty
Package: epstopdf-base 2020-01-24 v2.11 Base part for package epstopdf
Package epstopdf-base Info: Redefining graphics rule for `.eps' on input line 4
85.

(/usr/share/texlive/texmf-dist/tex/latex/latexconfig/epstopdf-sys.cfg
File: epstopdf-sys.cfg 2010/07/13 v1.3 Configuration of (r)epstopdf for TeX Liv
e
))
Package minitoc(hints) Info: I0049
(minitoc(hints))             ==> You requested the hints option. 
(minitoc(hints))             Some hints are eventually given below.


Package minitoc(hints) Warning: W0099
(minitoc(hints))                --- The titlesec package is loaded. 
(minitoc(hints))                It is incompatible 
(minitoc(hints))                with the minitoc package.


Package minitoc(hints) Warning: W0030
(minitoc(hints))                --- The \part command is altered 
(minitoc(hints))                after minitoc.


Package minitoc(hints) Warning: W0023
(minitoc(hints))                --- It may be the consequence 
(minitoc(hints))                of loading the ``hyperref'' package.


Package minitoc(hints) Warning: W0028
(minitoc(hints))                --- The \chapter command is altered 
(minitoc(hints))                after minitoc.


Package minitoc(hints) Warning: W0023
(minitoc(hints))                --- It may be the consequence 
(minitoc(hints))                of loading the ``hyperref'' package.

\c@lstlisting=\count303
\AtBeginShipoutBox=\box63
Package hyperref Info: Link coloring ON on input line 86.
(/usr/share/texlive/texmf-dist/tex/latex/hyperref/nameref.sty
Package: nameref 2019/09/16 v2.46 Cross-referencing by name of section

(/usr/share/texlive/texmf-dist/tex/latex/refcount/refcount.sty
Package: refcount 2019/12/15 v3.6 Data extraction from label references (HO)
)
(/usr/share/texlive/texmf-dist/tex/generic/gettitlestring/gettitlestring.sty
Package: gettitlestring 2019/12/15 v1.6 Cleanup title references (HO)
)
\c@section@level=\count304
)
LaTeX Info: Redefining \ref on input line 86.
LaTeX Info: Redefining \pageref on input line 86.
LaTeX Info: Redefining \nameref on input line 86.

(./indice.out) (./indice.out)
\@outlinefile=\write6
\openout6 = `indice.out'.

Package lastpage Info: Please have a look at the pageslts package at
(lastpage)             https://www.ctan.org/pkg/pageslts
(lastpage)             ! on input line 86.

*geometry* driver: auto-detecting
*geometry* detected driver: pdftex
*geometry* verbose mode - [ preamble ] result:
* driver: pdftex
* paper: a4paper
* layout: <same size as paper>
* layoutoffset:(h,v)=(0.0pt,0.0pt)
* modes: 
* h-part:(L,W,R)=(99.58464pt, 412.56497pt, 85.35826pt)
* v-part:(T,H,B)=(85.35826pt, 674.33032pt, 85.35826pt)
* \paperwidth=597.50787pt
* \paperheight=845.04684pt
* \textwidth=412.56497pt
* \textheight=674.33032pt
* \oddsidemargin=27.31465pt
* \evensidemargin=27.31465pt
* \topmargin=-25.91173pt
* \headheight=17.0pt
* \headsep=25.0pt
* \topskip=14.0pt
* \footskip=30.0pt
* \marginparwidth=24.0pt
* \marginparsep=10.0pt
* \columnsep=10.0pt
* \skip\footins=12.0pt plus 4.0pt minus 2.0pt
* \hoffset=0.0pt
* \voffset=0.0pt
* \mag=1000
* \@twocolumnfalse
* \@twosidefalse
* \@mparswitchfalse
* \@reversemarginfalse
* (1in=72.27pt=25.4mm, 1cm=28.453pt)

LaTeX Info: Redefining \microtypecontext on input line 86.
Package microtype Info: Generating PDF output.
Package microtype Info: Character protrusion enabled (level 2).
Package microtype Info: Using default protrusion set `alltext'.
Package microtype Info: Automatic font expansion enabled (level 2),
(microtype)             stretch: 20, shrink: 20, step: 1, non-selected.
Package microtype Info: Using default expansion set `basictext'.
LaTeX Info: Redefining \showhyphens on input line 86.
Package microtype Info: No adjustment of tracking.
Package microtype Info: No adjustment of interword spacing.
Package microtype Info: No adjustment of character kerning.
(/usr/share/texlive/texmf-dist/tex/latex/microtype/mt-cmr.cfg
File: mt-cmr.cfg 2013/05/19 v2.2 microtype config. file: Computer Modern Roman 
(RS)
)
*geometry* verbose mode - [ newgeometry ] result:
* driver: pdftex
* paper: a4paper
* layout: <same size as paper>
* layoutoffset:(h,v)=(0.0pt,0.0pt)
* modes: 
* h-part:(L,W,R)=(85.35826pt, 426.79135pt, 85.35826pt)
* v-part:(T,H,B)=(85.35826pt, 674.33032pt, 85.35826pt)
* \paperwidth=597.50787pt
* \paperheight=845.04684pt
* \textwidth=426.79135pt
* \textheight=674.33032pt
* \oddsidemargin=13.08827pt
* \evensidemargin=13.08827pt
* \topmargin=-28.91173pt
* \headheight=17.0pt
* \headsep=25.0pt
* \topskip=14.0pt
* \footskip=30.0pt
* \marginparwidth=24.0pt
* \marginparsep=10.0pt
* \columnsep=10.0pt
* \skip\footins=12.0pt plus 4.0pt minus 2.0pt
* \hoffset=0.0pt
* \voffset=0.0pt
* \mag=1000
* \@twocolumnfalse
* \@twosidefalse
* \@mparswitchfalse
* \@reversemarginfalse
* (1in=72.27pt=25.4mm, 1cm=28.453pt)

<./Figure/unisa.png, id=152, 745.3446pt x 744.381pt>
File: ./Figure/unisa.png Graphic file (type png)
<use ./Figure/unisa.png>
Package pdftex.def Info: ./Figure/unisa.png  used on input line 92.
(pdftex.def)             Requested size: 142.2652pt x 142.26302pt.

Overfull \hbox (41.6382pt too wide) in paragraph at lines 106--112
[][] 
 []

[1


{/var/lib/texmf/fonts/map/pdftex/updmap/pdftex.map} <./Figure/unisa.png>]pdfTeX
 warning (ext4): destination with the same identifier (name{page.1}) has been a
lready used, duplicate ignored
<to be read again> 
                   \relax 
l.119 \newpage\null\thispagestyle{empty}\newpage
                                                		 [1

] (./indice.toc [1

])
\tf@toc=\write7
\openout7 = `indice.toc'.


[2] (./indice.lof)
\tf@lof=\write8
\openout8 = `indice.lof'.

pdfTeX warning (ext4): destination with the same identifier (name{page.i}) has 
been already used, duplicate ignored
<to be read again> 
                   \relax 
l.130 	\cleardoublepage
                        [1


]pdfTeX warning (ext4): destination with the same identifier (name{page.ii}) ha
s been already used, duplicate ignored
<to be read again> 
                   \relax 
l.130 	\cleardoublepage
                        [2] (./Introduzione/Introduzione.texpdfTeX warning (ext
4): destination with the same identifier (name{page.1}) has been already used, 
duplicate ignored
<to be read again> 
                   \relax 
l.23 
      [1


] [2]) [3]
Capitolo 1.
(./Capitolo1/Capitolo1.tex [4

] [5] [6] [7] [8] [9] [10] [11] [12] [13] [14]
[15]
<./Figure/esempioFlaky.png, id=361, 426.59375pt x 224.84pt>
File: ./Figure/esempioFlaky.png Graphic file (type png)
<use ./Figure/esempioFlaky.png>
Package pdftex.def Info: ./Figure/esempioFlaky.png  used on input line 210.
(pdftex.def)             Requested size: 412.56497pt x 217.45984pt.


LaTeX Warning: `h' float specifier changed to `ht'.

<./Figure/figura1.2.png, id=363, 756.8275pt x 214.8025pt>
File: ./Figure/figura1.2.png Graphic file (type png)
<use ./Figure/figura1.2.png>
Package pdftex.def Info: ./Figure/figura1.2.png  used on input line 224.
(pdftex.def)             Requested size: 412.56497pt x 117.0929pt.
[16] [17 <./Figure/esempioFlaky.png> <./Figure/figura1.2.png>] [18]
<./Figure/figura1.3.png, id=380, 725.71124pt x 222.8325pt>
File: ./Figure/figura1.3.png Graphic file (type png)
<use ./Figure/figura1.3.png>
Package pdftex.def Info: ./Figure/figura1.3.png  used on input line 236.
(pdftex.def)             Requested size: 412.56497pt x 126.68262pt.
<./Figure/figura1.4.png, id=382, 744.7825pt x 242.9075pt>
File: ./Figure/figura1.4.png Graphic file (type png)
<use ./Figure/figura1.4.png>
Package pdftex.def Info: ./Figure/figura1.4.png  used on input line 246.
(pdftex.def)             Requested size: 412.56497pt x 134.5595pt.
) [19 <./Figure/figura1.3.png> <./Figure/figura1.4.png>]
Capitolo 2.
(./Capitolo2/Capitolo2.tex [20

] [21] [22] [23] [24] [25]
LaTeX Font Info:    Trying to load font information for OML+cmr on input line 1
36.

(/usr/share/texlive/texmf-dist/tex/latex/base/omlcmr.fd
File: omlcmr.fd 2019/12/16 v2.5j Standard LaTeX font definitions
)
LaTeX Font Info:    Font shape `OML/cmr/m/n' in size <14.4> not available
(Font)              Font shape `OML/cmm/m/it' tried instead on input line 136.
 [26]
Overfull \hbox (47.44289pt too wide) in paragraph at lines 203--236
[][] 
 []

[27] [28]
Overfull \hbox (47.44289pt too wide) in paragraph at lines 239--264
[][] 
 []

[29]
<./Figure/figura1.5.png, id=451, 378.41376pt x 777.90625pt>
File: ./Figure/figura1.5.png Graphic file (type png)
<use ./Figure/figura1.5.png>
Package pdftex.def Info: ./Figure/figura1.5.png  used on input line 270.
(pdftex.def)             Requested size: 196.82248pt x 404.6023pt.
 [30 <./Figure/figura1.5.png>] [31] [32]
<./Figure/1.6.png, id=467, 431.6125pt x 406.51875pt>
File: ./Figure/1.6.png Graphic file (type png)
<use ./Figure/1.6.png>
Package pdftex.def Info: ./Figure/1.6.png  used on input line 317.
(pdftex.def)             Requested size: 288.79422pt x 272.01257pt.


LaTeX Warning: `h' float specifier changed to `ht'.

[33]
<./Figure/2.3.png, id=473, 569.12625pt x 288.07625pt>
File: ./Figure/2.3.png Graphic file (type png)
<use ./Figure/2.3.png>
Package pdftex.def Info: ./Figure/2.3.png  used on input line 332.
(pdftex.def)             Requested size: 412.56497pt x 208.83893pt.
 [34 <./Figure/1.6.png> <./Figure/2.3.png>] [35]
<./Figure/2.4.png, id=485, 515.9275pt x 486.81876pt>
File: ./Figure/2.4.png Graphic file (type png)
<use ./Figure/2.4.png>
Package pdftex.def Info: ./Figure/2.4.png  used on input line 347.
(pdftex.def)             Requested size: 288.79422pt x 272.50522pt.
<./Figure/2.5.png, id=487, 544.0325pt x 450.68375pt>
File: ./Figure/2.5.png Graphic file (type png)
<use ./Figure/2.5.png>
Package pdftex.def Info: ./Figure/2.5.png  used on input line 363.
(pdftex.def)             Requested size: 288.79422pt x 239.25322pt.
 [36 <./Figure/2.4.png>]
[37 <./Figure/2.5.png>]
<./Figure/2.6.png, id=500, 518.93875pt x 347.2975pt>
File: ./Figure/2.6.png Graphic file (type png)
<use ./Figure/2.6.png>
Package pdftex.def Info: ./Figure/2.6.png  used on input line 380.
(pdftex.def)             Requested size: 412.56497pt x 276.12138pt.
 [38 <./Figure/2.6.png>] [39]
<./Figure/2.7.png, id=511, 558.085pt x 361.35pt>
File: ./Figure/2.7.png Graphic file (type png)
<use ./Figure/2.7.png>
Package pdftex.def Info: ./Figure/2.7.png  used on input line 403.
(pdftex.def)             Requested size: 412.56497pt x 267.13567pt.
 [40 <./Figure/2.7.png>]
[41]
<./Figure/2.8.png, id=522, 583.17876pt x 329.23pt>
File: ./Figure/2.8.png Graphic file (type png)
<use ./Figure/2.8.png>
Package pdftex.def Info: ./Figure/2.8.png  used on input line 425.
(pdftex.def)             Requested size: 412.56497pt x 232.91599pt.
 [42 <./Figure/2.8.png>]
<./Figure/2.9.png, id=529, 539.01375pt x 355.3275pt>
File: ./Figure/2.9.png Graphic file (type png)
<use ./Figure/2.9.png>
Package pdftex.def Info: ./Figure/2.9.png  used on input line 435.
(pdftex.def)             Requested size: 412.56497pt x 271.97644pt.
 [43 <./Figure/2.9.png>]
<./Figure/2.10.png, id=537, 523.9575pt x 442.65375pt>
File: ./Figure/2.10.png Graphic file (type png)
<use ./Figure/2.10.png>
Package pdftex.def Info: ./Figure/2.10.png  used on input line 447.
(pdftex.def)             Requested size: 412.56497pt x 348.55788pt.
 [44 <./Figure/2.10.png>])
[45]
Capitolo 3.
(./Capitolo3/Capitolo3.tex [46

] [47]
Overfull \hbox (11.29892pt too wide) in paragraph at lines 42--43
 [][] 
 []

[48]
<./Figure/3.1.png, id=562, 783.92876pt x 443.6575pt>
File: ./Figure/3.1.png Graphic file (type png)
<use ./Figure/3.1.png>
Package pdftex.def Info: ./Figure/3.1.png  used on input line 49.
(pdftex.def)             Requested size: 412.56497pt x 233.49231pt.
 [49 <./Figure/3.1.png>] [50] [51] [52] [53]
Package microtype Info: Loading generic protrusion settings for font family
(microtype)             `cmtt' (encoding: OT1).
(microtype)             For optimal results, create family-specific settings.
(microtype)             See the microtype manual for details.
 (./code/IDFlakies.sh
LaTeX Font Info:    Trying to load font information for TS1+cmtt on input line 
3.

(/usr/share/texlive/texmf-dist/tex/latex/base/ts1cmtt.fd
File: ts1cmtt.fd 2019/12/16 v2.5j Standard LaTeX font definitions
)
Package microtype Info: Loading generic protrusion settings for font family
(microtype)             `cmtt' (encoding: TS1).
(microtype)             For optimal results, create family-specific settings.
(microtype)             See the microtype manual for details.
 [54] [55]) [56]
[57]
<./Figure/3.2.png, id=686, 700.6175pt x 303.1325pt>
File: ./Figure/3.2.png Graphic file (type png)
<use ./Figure/3.2.png>
Package pdftex.def Info: ./Figure/3.2.png  used on input line 140.
(pdftex.def)             Requested size: 412.56497pt x 178.50433pt.
 (./code/FirstStep.sh [58 <./Figure/3.2.png>] [59] [60]) [61]
<./Figure/3.3.png, id=771, 1057.9525pt x 649.42625pt>
File: ./Figure/3.3.png Graphic file (type png)
<use ./Figure/3.3.png>
Package pdftex.def Info: ./Figure/3.3.png  used on input line 166.
(pdftex.def)             Requested size: 412.56497pt x 253.2554pt.
 [62 <./Figure/3.3.png>] [63]
<./Figure/3.4.png, id=783, 864.22874pt x 396.48125pt>
File: ./Figure/3.4.png Graphic file (type png)
<use ./Figure/3.4.png>
Package pdftex.def Info: ./Figure/3.4.png  used on input line 189.
(pdftex.def)             Requested size: 412.56497pt x 189.26826pt.
<./Figure/3.5.png, id=784, 871.255pt x 397.485pt>
File: ./Figure/3.5.png Graphic file (type png)
<use ./Figure/3.5.png>
Package pdftex.def Info: ./Figure/3.5.png  used on input line 195.
(pdftex.def)             Requested size: 412.56497pt x 188.21901pt.
 (./code/SecondStep.sh [64 <./Figure/3.4.png> <./Figure/3.5.png>] [65] [66]) [6
7] [68] [69]
<./Figure/3.6.png, id=906, 1340.00626pt x 360.34625pt>
File: ./Figure/3.6.png Graphic file (type png)
<use ./Figure/3.6.png>
Package pdftex.def Info: ./Figure/3.6.png  used on input line 240.
(pdftex.def)             Requested size: 412.56497pt x 110.9419pt.
<./Figure/3.7.png, id=908, 1342.01375pt x 353.32pt>
File: ./Figure/3.7.png Graphic file (type png)
<use ./Figure/3.7.png>
Package pdftex.def Info: ./Figure/3.7.png  used on input line 249.
(pdftex.def)             Requested size: 412.56497pt x 108.61694pt.
<./Figure/3.8.png, id=909, 1335.99126pt x 351.3125pt>
File: ./Figure/3.8.png Graphic file (type png)
<use ./Figure/3.8.png>
Package pdftex.def Info: ./Figure/3.8.png  used on input line 260.
(pdftex.def)             Requested size: 412.56497pt x 108.48761pt.
<./Figure/3.9.png, id=912, 1121.18875pt x 295.1025pt>
File: ./Figure/3.9.png Graphic file (type png)
<use ./Figure/3.9.png>
Package pdftex.def Info: ./Figure/3.9.png  used on input line 268.
(pdftex.def)             Requested size: 412.56497pt x 108.59183pt.
<./Figure/3.10.png, id=913, 1132.23pt x 293.095pt>
File: ./Figure/3.10.png Graphic file (type png)
<use ./Figure/3.10.png>
Package pdftex.def Info: ./Figure/3.10.png  used on input line 274.
(pdftex.def)             Requested size: 412.56497pt x 106.79765pt.
 [70 <./Figure/3.6.png> <./Figure/3.7.png>]

LaTeX Warning: `h' float specifier changed to `ht'.

[71 <./Figure/3.8.png> <./Figure/3.9.png>] [72 <./Figure/3.10.png>]) [73]
(./Conclusioni/Conclusioni.tex [74

]) [75] (./AppendiceA/AppendiceA.tex)
(./indice.bbl
Underfull \hbox (badness 10000) in paragraph at lines 7--1

 []


Underfull \hbox (badness 10000) in paragraph at lines 7--1

 []


Underfull \hbox (badness 10000) in paragraph at lines 7--1

 []


Underfull \hbox (badness 10000) in paragraph at lines 7--1

 []


Underfull \hbox (badness 10000) in paragraph at lines 7--1

 []


Underfull \hbox (badness 10000) in paragraph at lines 7--1

 []


Underfull \hbox (badness 10000) in paragraph at lines 7--1

 []


Underfull \hbox (badness 10000) in paragraph at lines 7--1

 []


Underfull \hbox (badness 10000) in paragraph at lines 7--1

 []


Underfull \hbox (badness 10000) in paragraph at lines 7--1

 []


Underfull \hbox (badness 10000) in paragraph at lines 7--1

 []


Underfull \hbox (badness 10000) in paragraph at lines 7--1

 []


Underfull \hbox (badness 10000) in paragraph at lines 7--1

 []


Underfull \hbox (badness 10000) in paragraph at lines 7--1

 []


Underfull \hbox (badness 10000) in paragraph at lines 7--1

 []


Underfull \hbox (badness 10000) in paragraph at lines 7--1

 []


Underfull \hbox (badness 10000) in paragraph at lines 7--1

 []


Underfull \hbox (badness 10000) in paragraph at lines 7--1

 []


Underfull \hbox (badness 10000) in paragraph at lines 7--1

 []


Underfull \hbox (badness 10000) in paragraph at lines 7--1

 []


Overfull \hbox (4.46475pt too wide) in paragraph at lines 7--1
\OT1/cmr/m/n/14.4 (-20) "iFix-Fla-kies: A Fra-mework for Au-to-ma-ti-cal-ly Fi-
xing Order-dependent
 []


Underfull \hbox (badness 10000) in paragraph at lines 7--1

 []


Underfull \hbox (badness 10000) in paragraph at lines 7--1

 []


Underfull \hbox (badness 10000) in paragraph at lines 7--1

 []


Overfull \hbox (0.57608pt too wide) in paragraph at lines 7--1
\OT1/cmr/m/n/14.4 (-20) [S23] \OT1/cmr/bx/n/14.4 An-dreas S., Mar-vin K., Gor-d
on F. \OT1/cmr/m/n/14.4 (-20) (2019) \Te-sting Scratch
 []


Underfull \hbox (badness 10000) in paragraph at lines 7--1

 []


Underfull \hbox (badness 10000) in paragraph at lines 7--1

 []


Underfull \hbox (badness 10000) in paragraph at lines 7--1

 []


Underfull \hbox (badness 10000) in paragraph at lines 7--1

 []


Underfull \hbox (badness 10000) in paragraph at lines 7--1

 []


Underfull \hbox (badness 10000) in paragraph at lines 7--1

 []


Underfull \hbox (badness 10000) in paragraph at lines 7--1

 []

[76

] [77] [78] [79] [80] [81] [82

]) [83] (./Sitografia/Sitografia.tex)
Underfull \hbox (badness 10000) in paragraph at lines 7--170

 []


Underfull \hbox (badness 10000) in paragraph at lines 7--170

 []


Underfull \hbox (badness 10000) in paragraph at lines 7--170

 []


Underfull \hbox (badness 10000) in paragraph at lines 7--170

 []


Underfull \hbox (badness 10000) in paragraph at lines 7--170

 []


Underfull \hbox (badness 10000) in paragraph at lines 7--170

 []

[84

] [85] (./Ringraziamenti/Ringraziamenti.tex
Underfull \hbox (badness 10000) in paragraph at lines 4--28

 []


Underfull \hbox (badness 10000) in paragraph at lines 4--28

 []


Underfull \hbox (badness 10000) in paragraph at lines 4--28

 []


Underfull \hbox (badness 10000) in paragraph at lines 4--28

 []


Underfull \hbox (badness 10000) in paragraph at lines 4--28

 []


Underfull \hbox (badness 10000) in paragraph at lines 4--28

 []


Underfull \hbox (badness 10000) in paragraph at lines 4--28

 []


Underfull \hbox (badness 10000) in paragraph at lines 4--28

 []


Underfull \hbox (badness 10000) in paragraph at lines 4--28

 []


Underfull \hbox (badness 10000) in paragraph at lines 4--28

 []

[86

])
Package minitoc Info: I0009
(minitoc)             Listing minitoc auxiliary files. 
(minitoc)             Creating the indice.maf file.
\openout3 = `indice.maf'.



Package minitoc(hints) Warning: W0024
(minitoc(hints))                Some hints have been written 
(minitoc(hints))                in the indice.log file.


AED: lastpage setting LastPage
[87]
Package atveryend Info: Empty hook `BeforeClearDocument' on input line 172.
Package atveryend Info: Empty hook `AfterLastShipout' on input line 172.
 (./indice.aux)
Package atveryend Info: Executing hook `AtVeryEndDocument' on input line 172.
Package atveryend Info: Executing hook `AtEndAfterFileList' on input line 172.
Package rerunfilecheck Info: File `indice.out' has not changed.
(rerunfilecheck)             Checksum: 40EAF7AF539F3CA55B21048C402C604C;2577.
 ) 
Here is how much of TeX's memory you used:
 15189 strings out of 482593
 221908 string characters out of 5949629
 783054 words of memory out of 5000000
 29131 multiletter control sequences out of 15000+600000
 543682 words of font info for 126 fonts, out of 8000000 for 9000
 350 hyphenation exceptions out of 8191
 34i,17n,49p,1127b,1895s stack positions out of 5000i,500n,10000p,200000b,80000s
pdfTeX warning (dest): name{Hfootnote.4} has been referenced but does not exi
st, replaced by a fixed one

pdfTeX warning (dest): name{Hfootnote.3} has been referenced but does not exist
, replaced by a fixed one

pdfTeX warning (dest): name{Hfootnote.2} has been referenced but does not exist
, replaced by a fixed one

pdfTeX warning (dest): name{Hfootnote.1} has been referenced but does not exist
, replaced by a fixed one

 </home/broke31/.texlive2019/texmf-var/fonts/pk/ljfour/jknappen/ec/tcti1440.600
pk> </home/broke31/.texlive2019/texmf-var/fonts/pk/ljfour/jknappen/ec/tctt1440.
600pk> </home/broke31/.texlive2019/texmf-var/fonts/pk/ljfour/jknappen/ec/tcrm14
40.600pk></usr/share/texlive/texmf-dist/fonts/type1/public/amsfonts/cm/cmbx12.p
fb></usr/share/texlive/texmf-dist/fonts/type1/public/amsfonts/cm/cmmi12.pfb></u
sr/share/texlive/texmf-dist/fonts/type1/public/amsfonts/cm/cmr10.pfb></usr/shar
e/texlive/texmf-dist/fonts/type1/public/amsfonts/cm/cmr12.pfb></usr/share/texli
ve/texmf-dist/fonts/type1/public/amsfonts/cm/cmr17.pfb></usr/share/texlive/texm
f-dist/fonts/type1/public/amsfonts/cm/cmr7.pfb></usr/share/texlive/texmf-dist/f
onts/type1/public/amsfonts/cm/cmti12.pfb></usr/share/texlive/texmf-dist/fonts/t
ype1/public/amsfonts/cm/cmtt12.pfb>
Output written on indice.pdf (93 pages, 3598351 bytes).
PDF statistics:
 1142 PDF objects out of 1200 (max. 8388607)
 976 compressed objects within 10 object streams
 424 named destinations out of 1000 (max. 500000)
 14246 words of extra memory for PDF output out of 14400 (max. 10000000)

